<?xml version="1.0" encoding="UTF-8"?>
<!-- Generated by org.testng.reporters.JUnitReportReporter -->
<testsuite skipped="0" hostname="TEMS-CTXHSD1" name="come.learnautomation.testcases.LogintestCRM" tests="1" failures="0" timestamp="10 May 2021 06:13:30 GMT" time="6.271" errors="0">
  <testcase name="loginApp" time="6.271" classname="come.learnautomation.testcases.LogintestCRM"/>
</testsuite> <!-- come.learnautomation.testcases.LogintestCRM -->
